<?xml version="1.0" encoding="UTF-8"?>
<!-- Generated by org.testng.reporters.JUnitReportReporter -->
<testsuite skipped="0" hostname="mapkhome" name="SalesforceTest" tests="5" failures="0" timestamp="2019-12-08T23:27:24 PST" time="112.765" errors="0">
  <testcase name="TC_01_loginErrorMessage" time="26.096" classname="SalesforceTest"/>
  <testcase name="TC_02_loginToSFDC" time="18.458" classname="SalesforceTest"/>
  <testcase name="TC_03_rememberMeCheckBox" time="28.633" classname="SalesforceTest"/>
  <testcase name="TC_4A_forgotPassword" time="22.394" classname="SalesforceTest"/>
  <testcase name="TC_4B_validateLoginErrorMessage" time="17.184" classname="SalesforceTest"/>
</testsuite> <!-- SalesforceTest -->
